<?xml version="1.0" encoding="UTF-8"?>
<testsuite name="(empty)"
	tests="2"
	failures="1"
	disabled="0"
	skipped="0"
	hostname=""
	time="0"
	timestamp="2024-07-08T01:13:53"
	>
	<testcase name="InitializeEngine" classname="InitializeEngine" time="0.0852486" status="fail">
		<failure message="Subprocess aborted"/>
		<properties/>
		<system-out>[2024-07-08 01:13:53.886] [info] Cleaning up...
ERROR:             vkDeviceWaitIdle: Invalid device [VUID-vkDeviceWaitIdle-device-parameter]
</system-out>
	</testcase>
	<testcase name="BasicTest" classname="BasicTest" time="0.00187893" status="run">
		<properties/>
		<system-out>All tests passed!
</system-out>
	</testcase>
</testsuite>